#! /usr/bin/vvp
:ivl_version "10.1 (stable)";
:ivl_delay_selection "TYPICAL";
:vpi_time_precision + 0;
:vpi_module "system";
:vpi_module "vhdl_sys";
:vpi_module "v2005_math";
:vpi_module "va_math";
S_0x55f41f699560 .scope module, "pes_bc_tb" "pes_bc_tb" 2 1;
 .timescale 0 0;
v0x55f41f6b9ca0_0 .var "Clk", 0 0;
v0x55f41f6b9d60_0 .net "Count", 3 0, v0x55f41f6b9980_0;  1 drivers
v0x55f41f6b9e30_0 .var "UpOrDown", 0 0;
v0x55f41f6b9f30_0 .var "reset", 0 0;
S_0x55f41f6996e0 .scope module, "uut" "pes_bc" 2 12, 3 1 0, S_0x55f41f699560;
 .timescale 0 0;
    .port_info 0 /INPUT 1 "Clk"
    .port_info 1 /INPUT 1 "reset"
    .port_info 2 /INPUT 1 "UpOrDown"
    .port_info 3 /OUTPUT 4 "Count"
v0x55f41f699920_0 .net "Clk", 0 0, v0x55f41f6b9ca0_0;  1 drivers
v0x55f41f6b9980_0 .var "Count", 3 0;
v0x55f41f6b9a60_0 .net "UpOrDown", 0 0, v0x55f41f6b9e30_0;  1 drivers
v0x55f41f6b9b30_0 .net "reset", 0 0, v0x55f41f6b9f30_0;  1 drivers
E_0x55f41f693ab0 .event posedge, v0x55f41f6b9b30_0, v0x55f41f699920_0;
    .scope S_0x55f41f6996e0;
T_0 ;
    %pushi/vec4 0, 0, 4;
    %store/vec4 v0x55f41f6b9980_0, 0, 4;
    %end;
    .thread T_0;
    .scope S_0x55f41f6996e0;
T_1 ;
    %wait E_0x55f41f693ab0;
    %load/vec4 v0x55f41f6b9b30_0;
    %pad/u 32;
    %cmpi/e 1, 0, 32;
    %jmp/0xz  T_1.0, 4;
    %pushi/vec4 0, 0, 4;
    %assign/vec4 v0x55f41f6b9980_0, 0;
    %jmp T_1.1;
T_1.0 ;
    %load/vec4 v0x55f41f6b9a60_0;
    %pad/u 32;
    %cmpi/e 1, 0, 32;
    %jmp/0xz  T_1.2, 4;
    %load/vec4 v0x55f41f6b9980_0;
    %pad/u 32;
    %cmpi/e 15, 0, 32;
    %jmp/0xz  T_1.4, 4;
    %pushi/vec4 0, 0, 4;
    %assign/vec4 v0x55f41f6b9980_0, 0;
    %jmp T_1.5;
T_1.4 ;
    %load/vec4 v0x55f41f6b9980_0;
    %addi 1, 0, 4;
    %assign/vec4 v0x55f41f6b9980_0, 0;
T_1.5 ;
    %jmp T_1.3;
T_1.2 ;
    %load/vec4 v0x55f41f6b9980_0;
    %pad/u 32;
    %cmpi/e 0, 0, 32;
    %jmp/0xz  T_1.6, 4;
    %pushi/vec4 15, 0, 4;
    %assign/vec4 v0x55f41f6b9980_0, 0;
    %jmp T_1.7;
T_1.6 ;
    %load/vec4 v0x55f41f6b9980_0;
    %subi 1, 0, 4;
    %assign/vec4 v0x55f41f6b9980_0, 0;
T_1.7 ;
T_1.3 ;
T_1.1 ;
    %jmp T_1;
    .thread T_1;
    .scope S_0x55f41f699560;
T_2 ;
    %pushi/vec4 0, 0, 1;
    %store/vec4 v0x55f41f6b9ca0_0, 0, 1;
    %end;
    .thread T_2;
    .scope S_0x55f41f699560;
T_3 ;
    %delay 5, 0;
    %load/vec4 v0x55f41f6b9ca0_0;
    %inv;
    %store/vec4 v0x55f41f6b9ca0_0, 0, 1;
    %jmp T_3;
    .thread T_3;
    .scope S_0x55f41f699560;
T_4 ;
    %vpi_call 2 25 "$dumpfile", "pes_bc_out.vcd" {0 0 0};
    %vpi_call 2 26 "$dumpvars", 32'sb00000000000000000000000000000000, S_0x55f41f699560 {0 0 0};
    %pushi/vec4 0, 0, 1;
    %store/vec4 v0x55f41f6b9f30_0, 0, 1;
    %pushi/vec4 0, 0, 1;
    %store/vec4 v0x55f41f6b9e30_0, 0, 1;
    %delay 30, 0;
    %pushi/vec4 1, 0, 1;
    %store/vec4 v0x55f41f6b9e30_0, 0, 1;
    %delay 30, 0;
    %pushi/vec4 1, 0, 1;
    %store/vec4 v0x55f41f6b9f30_0, 0, 1;
    %pushi/vec4 0, 0, 1;
    %store/vec4 v0x55f41f6b9e30_0, 0, 1;
    %delay 100, 0;
    %pushi/vec4 0, 0, 1;
    %store/vec4 v0x55f41f6b9f30_0, 0, 1;
    %delay 10000, 0;
    %vpi_call 2 36 "$finish" {0 0 0};
    %end;
    .thread T_4;
# The file index is used to find the file name in the following table.
:file_names 4;
    "N/A";
    "<interactive>";
    "pes_bc_tb.v";
    "pes_bc.v";
